Traceback (most recent call last):
  File "/home/max/Documents/papers/ml-map/.venv/lib/python3.10/site-packages/jupyter_cache/executors/utils.py", line 58, in single_nb_execution
    executenb(
  File "/home/max/Documents/papers/ml-map/.venv/lib/python3.10/site-packages/nbclient/client.py", line 1314, in execute
    return NotebookClient(nb=nb, resources=resources, km=km, **kwargs).execute()
  File "/home/max/Documents/papers/ml-map/.venv/lib/python3.10/site-packages/jupyter_core/utils/__init__.py", line 173, in wrapped
    return loop.run_until_complete(inner)
  File "/usr/lib/python3.10/asyncio/base_events.py", line 649, in run_until_complete
    return future.result()
  File "/home/max/Documents/papers/ml-map/.venv/lib/python3.10/site-packages/nbclient/client.py", line 709, in async_execute
    await self.async_execute_cell(
  File "/home/max/Documents/papers/ml-map/.venv/lib/python3.10/site-packages/nbclient/client.py", line 1062, in async_execute_cell
    await self._check_raise_for_error(cell, cell_index, exec_reply)
  File "/home/max/Documents/papers/ml-map/.venv/lib/python3.10/site-packages/nbclient/client.py", line 918, in _check_raise_for_error
    raise CellExecutionError.from_cell_and_msg(cell, exec_reply_content)
nbclient.exceptions.CellExecutionError: An error occurred while executing the following cell:
------------------
import numpy as np
import seaborn as sns
m = np.zeros((len(sectors),len(instruments)))
for i, sec in enumerate(sectors):
  for j, inst in enumerate(instruments):
    m[i,j] = labels[(labels[sec]==1) & (labels[inst]==1)].shape[0]
sns.heatmap(
  m,
  xticklabels=instruments,
  yticklabels=sectors,
  cmap='blues'
)
------------------


[0;31m---------------------------------------------------------------------------[0m
[0;31mKeyError[0m                                  Traceback (most recent call last)
Cell [0;32mIn[7], line 7[0m
[1;32m      5[0m   [38;5;28;01mfor[39;00m j, inst [38;5;129;01min[39;00m [38;5;28menumerate[39m(instruments):
[1;32m      6[0m     m[i,j] [38;5;241m=[39m labels[(labels[sec][38;5;241m==[39m[38;5;241m1[39m) [38;5;241m&[39m (labels[inst][38;5;241m==[39m[38;5;241m1[39m)][38;5;241m.[39mshape[[38;5;241m0[39m]
[0;32m----> 7[0m [43msns[49m[38;5;241;43m.[39;49m[43mheatmap[49m[43m([49m
[1;32m      8[0m [43m  [49m[43mm[49m[43m,[49m
[1;32m      9[0m [43m  [49m[43mxticklabels[49m[38;5;241;43m=[39;49m[43minstruments[49m[43m,[49m
[1;32m     10[0m [43m  [49m[43myticklabels[49m[38;5;241;43m=[39;49m[43msectors[49m[43m,[49m
[1;32m     11[0m [43m  [49m[43mcmap[49m[38;5;241;43m=[39;49m[38;5;124;43m'[39;49m[38;5;124;43mblues[39;49m[38;5;124;43m'[39;49m
[1;32m     12[0m [43m)[49m

File [0;32m~/Documents/papers/ml-map/.venv/lib/python3.10/site-packages/seaborn/matrix.py:446[0m, in [0;36mheatmap[0;34m(data, vmin, vmax, cmap, center, robust, annot, fmt, annot_kws, linewidths, linecolor, cbar, cbar_kws, cbar_ax, square, xticklabels, yticklabels, mask, ax, **kwargs)[0m
[1;32m    365[0m [38;5;250m[39m[38;5;124;03m"""Plot rectangular data as a color-encoded matrix.[39;00m
[1;32m    366[0m 
[1;32m    367[0m [38;5;124;03mThis is an Axes-level function and will draw the heatmap into the[39;00m
[0;32m   (...)[0m
[1;32m    443[0m 
[1;32m    444[0m [38;5;124;03m"""[39;00m
[1;32m    445[0m [38;5;66;03m# Initialize the plotter object[39;00m
[0;32m--> 446[0m plotter [38;5;241m=[39m [43m_HeatMapper[49m[43m([49m[43mdata[49m[43m,[49m[43m [49m[43mvmin[49m[43m,[49m[43m [49m[43mvmax[49m[43m,[49m[43m [49m[43mcmap[49m[43m,[49m[43m [49m[43mcenter[49m[43m,[49m[43m [49m[43mrobust[49m[43m,[49m[43m [49m[43mannot[49m[43m,[49m[43m [49m[43mfmt[49m[43m,[49m
[1;32m    447[0m [43m                      [49m[43mannot_kws[49m[43m,[49m[43m [49m[43mcbar[49m[43m,[49m[43m [49m[43mcbar_kws[49m[43m,[49m[43m [49m[43mxticklabels[49m[43m,[49m
[1;32m    448[0m [43m                      [49m[43myticklabels[49m[43m,[49m[43m [49m[43mmask[49m[43m)[49m
[1;32m    450[0m [38;5;66;03m# Add the pcolormesh kwargs here[39;00m
[1;32m    451[0m kwargs[[38;5;124m"[39m[38;5;124mlinewidths[39m[38;5;124m"[39m] [38;5;241m=[39m linewidths

File [0;32m~/Documents/papers/ml-map/.venv/lib/python3.10/site-packages/seaborn/matrix.py:163[0m, in [0;36m_HeatMapper.__init__[0;34m(self, data, vmin, vmax, cmap, center, robust, annot, fmt, annot_kws, cbar, cbar_kws, xticklabels, yticklabels, mask)[0m
[1;32m    160[0m [38;5;28mself[39m[38;5;241m.[39mylabel [38;5;241m=[39m ylabel [38;5;28;01mif[39;00m ylabel [38;5;129;01mis[39;00m [38;5;129;01mnot[39;00m [38;5;28;01mNone[39;00m [38;5;28;01melse[39;00m [38;5;124m"[39m[38;5;124m"[39m
[1;32m    162[0m [38;5;66;03m# Determine good default values for the colormapping[39;00m
[0;32m--> 163[0m [38;5;28;43mself[39;49m[38;5;241;43m.[39;49m[43m_determine_cmap_params[49m[43m([49m[43mplot_data[49m[43m,[49m[43m [49m[43mvmin[49m[43m,[49m[43m [49m[43mvmax[49m[43m,[49m
[1;32m    164[0m [43m                            [49m[43mcmap[49m[43m,[49m[43m [49m[43mcenter[49m[43m,[49m[43m [49m[43mrobust[49m[43m)[49m
[1;32m    166[0m [38;5;66;03m# Sort out the annotations[39;00m
[1;32m    167[0m [38;5;28;01mif[39;00m annot [38;5;129;01mis[39;00m [38;5;28;01mNone[39;00m [38;5;129;01mor[39;00m annot [38;5;129;01mis[39;00m [38;5;28;01mFalse[39;00m:

File [0;32m~/Documents/papers/ml-map/.venv/lib/python3.10/site-packages/seaborn/matrix.py:217[0m, in [0;36m_HeatMapper._determine_cmap_params[0;34m(self, plot_data, vmin, vmax, cmap, center, robust)[0m
[1;32m    215[0m         [38;5;28mself[39m[38;5;241m.[39mcmap [38;5;241m=[39m cm[38;5;241m.[39micefire
[1;32m    216[0m [38;5;28;01melif[39;00m [38;5;28misinstance[39m(cmap, [38;5;28mstr[39m):
[0;32m--> 217[0m     [38;5;28mself[39m[38;5;241m.[39mcmap [38;5;241m=[39m [43mget_colormap[49m[43m([49m[43mcmap[49m[43m)[49m
[1;32m    218[0m [38;5;28;01melif[39;00m [38;5;28misinstance[39m(cmap, [38;5;28mlist[39m):
[1;32m    219[0m     [38;5;28mself[39m[38;5;241m.[39mcmap [38;5;241m=[39m mpl[38;5;241m.[39mcolors[38;5;241m.[39mListedColormap(cmap)

File [0;32m~/Documents/papers/ml-map/.venv/lib/python3.10/site-packages/seaborn/_compat.py:133[0m, in [0;36mget_colormap[0;34m(name)[0m
[1;32m    131[0m [38;5;250m[39m[38;5;124;03m"""Handle changes to matplotlib colormap interface in 3.6."""[39;00m
[1;32m    132[0m [38;5;28;01mtry[39;00m:
[0;32m--> 133[0m     [38;5;28;01mreturn[39;00m [43mmpl[49m[38;5;241;43m.[39;49m[43mcolormaps[49m[43m[[49m[43mname[49m[43m][49m
[1;32m    134[0m [38;5;28;01mexcept[39;00m [38;5;167;01mAttributeError[39;00m:
[1;32m    135[0m     [38;5;28;01mreturn[39;00m mpl[38;5;241m.[39mcm[38;5;241m.[39mget_cmap(name)

File [0;32m~/Documents/papers/ml-map/.venv/lib/python3.10/site-packages/matplotlib/cm.py:93[0m, in [0;36mColormapRegistry.__getitem__[0;34m(self, item)[0m
[1;32m     91[0m     [38;5;28;01mreturn[39;00m [38;5;28mself[39m[38;5;241m.[39m_cmaps[item][38;5;241m.[39mcopy()
[1;32m     92[0m [38;5;28;01mexcept[39;00m [38;5;167;01mKeyError[39;00m:
[0;32m---> 93[0m     [38;5;28;01mraise[39;00m [38;5;167;01mKeyError[39;00m([38;5;124mf[39m[38;5;124m"[39m[38;5;132;01m{[39;00mitem[38;5;132;01m!r}[39;00m[38;5;124m is not a known colormap name[39m[38;5;124m"[39m) [38;5;28;01mfrom[39;00m [38;5;28;01mNone[39;00m

[0;31mKeyError[0m: "'blues' is not a known colormap name"

